   1              	 .cpu cortex-m0
   2              	 .fpu softvfp
   3              	 .eabi_attribute 20,1
   4              	 .eabi_attribute 21,1
   5              	 .eabi_attribute 23,3
   6              	 .eabi_attribute 24,1
   7              	 .eabi_attribute 25,1
   8              	 .eabi_attribute 26,1
   9              	 .eabi_attribute 30,6
  10              	 .eabi_attribute 34,0
  11              	 .eabi_attribute 18,4
  12              	 .code 16
  13              	 .file "heap.c"
  14              	 .text
  15              	.Ltext0:
  16              	 .cfi_sections .debug_frame
  17              	 .section .text.pvPortMalloc,"ax",%progbits
  18              	 .align 2
  19              	 .global pvPortMalloc
  20              	 .code 16
  21              	 .thumb_func
  23              	pvPortMalloc:
  24              	.LFB42:
  25              	 .file 1 "../Dave/Generated/FREERTOS/heap_3.h"
   1:../Dave/Generated/FREERTOS/heap_3.h **** /*
   2:../Dave/Generated/FREERTOS/heap_3.h ****  * FreeRTOS Kernel V10.4.2
   3:../Dave/Generated/FREERTOS/heap_3.h ****  * Copyright (C) 2020 Amazon.com, Inc. or its affiliates.  All Rights Reserved.
   4:../Dave/Generated/FREERTOS/heap_3.h ****  *
   5:../Dave/Generated/FREERTOS/heap_3.h ****  * Permission is hereby granted, free of charge, to any person obtaining a copy of
   6:../Dave/Generated/FREERTOS/heap_3.h ****  * this software and associated documentation files (the "Software"), to deal in
   7:../Dave/Generated/FREERTOS/heap_3.h ****  * the Software without restriction, including without limitation the rights to
   8:../Dave/Generated/FREERTOS/heap_3.h ****  * use, copy, modify, merge, publish, distribute, sublicense, and/or sell copies of
   9:../Dave/Generated/FREERTOS/heap_3.h ****  * the Software, and to permit persons to whom the Software is furnished to do so,
  10:../Dave/Generated/FREERTOS/heap_3.h ****  * subject to the following conditions:
  11:../Dave/Generated/FREERTOS/heap_3.h ****  *
  12:../Dave/Generated/FREERTOS/heap_3.h ****  * The above copyright notice and this permission notice shall be included in all
  13:../Dave/Generated/FREERTOS/heap_3.h ****  * copies or substantial portions of the Software.
  14:../Dave/Generated/FREERTOS/heap_3.h ****  *
  15:../Dave/Generated/FREERTOS/heap_3.h ****  * THE SOFTWARE IS PROVIDED "AS IS", WITHOUT WARRANTY OF ANY KIND, EXPRESS OR
  16:../Dave/Generated/FREERTOS/heap_3.h ****  * IMPLIED, INCLUDING BUT NOT LIMITED TO THE WARRANTIES OF MERCHANTABILITY, FITNESS
  17:../Dave/Generated/FREERTOS/heap_3.h ****  * FOR A PARTICULAR PURPOSE AND NONINFRINGEMENT. IN NO EVENT SHALL THE AUTHORS OR
  18:../Dave/Generated/FREERTOS/heap_3.h ****  * COPYRIGHT HOLDERS BE LIABLE FOR ANY CLAIM, DAMAGES OR OTHER LIABILITY, WHETHER
  19:../Dave/Generated/FREERTOS/heap_3.h ****  * IN AN ACTION OF CONTRACT, TORT OR OTHERWISE, ARISING FROM, OUT OF OR IN
  20:../Dave/Generated/FREERTOS/heap_3.h ****  * CONNECTION WITH THE SOFTWARE OR THE USE OR OTHER DEALINGS IN THE SOFTWARE.
  21:../Dave/Generated/FREERTOS/heap_3.h ****  *
  22:../Dave/Generated/FREERTOS/heap_3.h ****  * https://www.FreeRTOS.org
  23:../Dave/Generated/FREERTOS/heap_3.h ****  * https://github.com/FreeRTOS
  24:../Dave/Generated/FREERTOS/heap_3.h ****  *
  25:../Dave/Generated/FREERTOS/heap_3.h ****  * 1 tab == 4 spaces!
  26:../Dave/Generated/FREERTOS/heap_3.h ****  */
  27:../Dave/Generated/FREERTOS/heap_3.h **** 
  28:../Dave/Generated/FREERTOS/heap_3.h **** 
  29:../Dave/Generated/FREERTOS/heap_3.h **** /*
  30:../Dave/Generated/FREERTOS/heap_3.h ****  * Implementation of pvPortMalloc() and vPortFree() that relies on the
  31:../Dave/Generated/FREERTOS/heap_3.h ****  * compilers own malloc() and free() implementations.
  32:../Dave/Generated/FREERTOS/heap_3.h ****  *
  33:../Dave/Generated/FREERTOS/heap_3.h ****  * This file can only be used if the linker is configured to to generate
  34:../Dave/Generated/FREERTOS/heap_3.h ****  * a heap memory area.
  35:../Dave/Generated/FREERTOS/heap_3.h ****  *
  36:../Dave/Generated/FREERTOS/heap_3.h ****  * See heap_1.c, heap_2.c and heap_4.c for alternative implementations, and the
  37:../Dave/Generated/FREERTOS/heap_3.h ****  * memory management pages of https://www.FreeRTOS.org for more information.
  38:../Dave/Generated/FREERTOS/heap_3.h ****  */
  39:../Dave/Generated/FREERTOS/heap_3.h **** 
  40:../Dave/Generated/FREERTOS/heap_3.h **** #include <stdlib.h>
  41:../Dave/Generated/FREERTOS/heap_3.h **** 
  42:../Dave/Generated/FREERTOS/heap_3.h **** /* Defining MPU_WRAPPERS_INCLUDED_FROM_API_FILE prevents task.h from redefining
  43:../Dave/Generated/FREERTOS/heap_3.h ****  * all the API functions to use the MPU wrappers.  That should only be done when
  44:../Dave/Generated/FREERTOS/heap_3.h ****  * task.h is included from an application file. */
  45:../Dave/Generated/FREERTOS/heap_3.h **** #define MPU_WRAPPERS_INCLUDED_FROM_API_FILE
  46:../Dave/Generated/FREERTOS/heap_3.h **** 
  47:../Dave/Generated/FREERTOS/heap_3.h **** #include "FreeRTOS.h"
  48:../Dave/Generated/FREERTOS/heap_3.h **** #include "task.h"
  49:../Dave/Generated/FREERTOS/heap_3.h **** 
  50:../Dave/Generated/FREERTOS/heap_3.h **** #undef MPU_WRAPPERS_INCLUDED_FROM_API_FILE
  51:../Dave/Generated/FREERTOS/heap_3.h **** 
  52:../Dave/Generated/FREERTOS/heap_3.h **** #if ( configSUPPORT_DYNAMIC_ALLOCATION == 0 )
  53:../Dave/Generated/FREERTOS/heap_3.h ****     #error This file must not be used if configSUPPORT_DYNAMIC_ALLOCATION is 0
  54:../Dave/Generated/FREERTOS/heap_3.h **** #endif
  55:../Dave/Generated/FREERTOS/heap_3.h **** 
  56:../Dave/Generated/FREERTOS/heap_3.h **** /*-----------------------------------------------------------*/
  57:../Dave/Generated/FREERTOS/heap_3.h **** 
  58:../Dave/Generated/FREERTOS/heap_3.h **** void * pvPortMalloc( size_t xWantedSize )
  59:../Dave/Generated/FREERTOS/heap_3.h **** {
  26              	 .loc 1 59 0
  27              	 .cfi_startproc
  28 0000 80B5     	 push {r7,lr}
  29              	.LCFI0:
  30              	 .cfi_def_cfa_offset 8
  31              	 .cfi_offset 7,-8
  32              	 .cfi_offset 14,-4
  33 0002 84B0     	 sub sp,sp,#16
  34              	.LCFI1:
  35              	 .cfi_def_cfa_offset 24
  36 0004 00AF     	 add r7,sp,#0
  37              	.LCFI2:
  38              	 .cfi_def_cfa_register 7
  39 0006 7860     	 str r0,[r7,#4]
  60:../Dave/Generated/FREERTOS/heap_3.h ****     void * pvReturn;
  61:../Dave/Generated/FREERTOS/heap_3.h **** 
  62:../Dave/Generated/FREERTOS/heap_3.h ****     vTaskSuspendAll();
  40              	 .loc 1 62 0
  41 0008 FFF7FEFF 	 bl vTaskSuspendAll
  63:../Dave/Generated/FREERTOS/heap_3.h ****     {
  64:../Dave/Generated/FREERTOS/heap_3.h ****         pvReturn = malloc( xWantedSize );
  42              	 .loc 1 64 0
  43 000c 7B68     	 ldr r3,[r7,#4]
  44 000e 181C     	 mov r0,r3
  45 0010 FFF7FEFF 	 bl malloc
  46 0014 031C     	 mov r3,r0
  47 0016 FB60     	 str r3,[r7,#12]
  65:../Dave/Generated/FREERTOS/heap_3.h ****         traceMALLOC( pvReturn, xWantedSize );
  66:../Dave/Generated/FREERTOS/heap_3.h ****     }
  67:../Dave/Generated/FREERTOS/heap_3.h ****     ( void ) xTaskResumeAll();
  48              	 .loc 1 67 0
  49 0018 FFF7FEFF 	 bl xTaskResumeAll
  68:../Dave/Generated/FREERTOS/heap_3.h **** 
  69:../Dave/Generated/FREERTOS/heap_3.h ****     #if ( configUSE_MALLOC_FAILED_HOOK == 1 )
  70:../Dave/Generated/FREERTOS/heap_3.h ****         {
  71:../Dave/Generated/FREERTOS/heap_3.h ****             if( pvReturn == NULL )
  72:../Dave/Generated/FREERTOS/heap_3.h ****             {
  73:../Dave/Generated/FREERTOS/heap_3.h ****                 extern void vApplicationMallocFailedHook( void );
  74:../Dave/Generated/FREERTOS/heap_3.h ****                 vApplicationMallocFailedHook();
  75:../Dave/Generated/FREERTOS/heap_3.h ****             }
  76:../Dave/Generated/FREERTOS/heap_3.h ****         }
  77:../Dave/Generated/FREERTOS/heap_3.h ****     #endif
  78:../Dave/Generated/FREERTOS/heap_3.h **** 
  79:../Dave/Generated/FREERTOS/heap_3.h ****     return pvReturn;
  50              	 .loc 1 79 0
  51 001c FB68     	 ldr r3,[r7,#12]
  80:../Dave/Generated/FREERTOS/heap_3.h **** }
  52              	 .loc 1 80 0
  53 001e 181C     	 mov r0,r3
  54 0020 BD46     	 mov sp,r7
  55 0022 04B0     	 add sp,sp,#16
  56              	 
  57 0024 80BD     	 pop {r7,pc}
  58              	 .cfi_endproc
  59              	.LFE42:
  61 0026 C046     	 .section .text.vPortFree,"ax",%progbits
  62              	 .align 2
  63              	 .global vPortFree
  64              	 .code 16
  65              	 .thumb_func
  67              	vPortFree:
  68              	.LFB43:
  81:../Dave/Generated/FREERTOS/heap_3.h **** /*-----------------------------------------------------------*/
  82:../Dave/Generated/FREERTOS/heap_3.h **** 
  83:../Dave/Generated/FREERTOS/heap_3.h **** void vPortFree( void * pv )
  84:../Dave/Generated/FREERTOS/heap_3.h **** {
  69              	 .loc 1 84 0
  70              	 .cfi_startproc
  71 0000 80B5     	 push {r7,lr}
  72              	.LCFI3:
  73              	 .cfi_def_cfa_offset 8
  74              	 .cfi_offset 7,-8
  75              	 .cfi_offset 14,-4
  76 0002 82B0     	 sub sp,sp,#8
  77              	.LCFI4:
  78              	 .cfi_def_cfa_offset 16
  79 0004 00AF     	 add r7,sp,#0
  80              	.LCFI5:
  81              	 .cfi_def_cfa_register 7
  82 0006 7860     	 str r0,[r7,#4]
  85:../Dave/Generated/FREERTOS/heap_3.h ****     if( pv )
  83              	 .loc 1 85 0
  84 0008 7B68     	 ldr r3,[r7,#4]
  85 000a 002B     	 cmp r3,#0
  86 000c 07D0     	 beq .L3
  86:../Dave/Generated/FREERTOS/heap_3.h ****     {
  87:../Dave/Generated/FREERTOS/heap_3.h ****         vTaskSuspendAll();
  87              	 .loc 1 87 0
  88 000e FFF7FEFF 	 bl vTaskSuspendAll
  88:../Dave/Generated/FREERTOS/heap_3.h ****         {
  89:../Dave/Generated/FREERTOS/heap_3.h ****             free( pv );
  89              	 .loc 1 89 0
  90 0012 7B68     	 ldr r3,[r7,#4]
  91 0014 181C     	 mov r0,r3
  92 0016 FFF7FEFF 	 bl free
  90:../Dave/Generated/FREERTOS/heap_3.h ****             traceFREE( pv, 0 );
  91:../Dave/Generated/FREERTOS/heap_3.h ****         }
  92:../Dave/Generated/FREERTOS/heap_3.h ****         ( void ) xTaskResumeAll();
  93              	 .loc 1 92 0
  94 001a FFF7FEFF 	 bl xTaskResumeAll
  95              	.L3:
  93:../Dave/Generated/FREERTOS/heap_3.h ****     }
  94:../Dave/Generated/FREERTOS/heap_3.h **** }
  96              	 .loc 1 94 0
  97 001e BD46     	 mov sp,r7
  98 0020 02B0     	 add sp,sp,#8
  99              	 
 100 0022 80BD     	 pop {r7,pc}
 101              	 .cfi_endproc
 102              	.LFE43:
 104              	 .text
 105              	.Letext0:
 106              	 .file 2 "c:\\infineon\\tools\\dave ide\\4.5.0.202105191637\\eclipse\\arm-gcc-49\\arm-none-eabi\\include\\machine\\_default_types.h"
 107              	 .file 3 "c:\\infineon\\tools\\dave ide\\4.5.0.202105191637\\eclipse\\arm-gcc-49\\arm-none-eabi\\include\\stdint.h"
 108              	 .file 4 "c:\\infineon\\tools\\dave ide\\4.5.0.202105191637\\eclipse\\arm-gcc-49\\lib\\gcc\\arm-none-eabi\\4.9.3\\include\\stddef.h"
 109              	 .file 5 "C:/Infineon/Tools/DAVE IDE/4.5.0.202105191637/eclipse/workspace/xmc_rtos_serial/Libraries/CMSIS/Include/cmsis_gcc.h"
DEFINED SYMBOLS
                            *ABS*:00000000 heap.c
    {standard input}:18     .text.pvPortMalloc:00000000 $t
    {standard input}:23     .text.pvPortMalloc:00000000 pvPortMalloc
    {standard input}:62     .text.vPortFree:00000000 $t
    {standard input}:67     .text.vPortFree:00000000 vPortFree
                     .debug_frame:00000010 $d

UNDEFINED SYMBOLS
vTaskSuspendAll
malloc
xTaskResumeAll
free
