   1              	 .cpu cortex-m0
   2              	 .fpu softvfp
   3              	 .eabi_attribute 20,1
   4              	 .eabi_attribute 21,1
   5              	 .eabi_attribute 23,3
   6              	 .eabi_attribute 24,1
   7              	 .eabi_attribute 25,1
   8              	 .eabi_attribute 26,1
   9              	 .eabi_attribute 30,6
  10              	 .eabi_attribute 34,0
  11              	 .eabi_attribute 18,4
  12              	 .code 16
  13              	 .file "global_can.c"
  14              	 .text
  15              	.Ltext0:
  16              	 .cfi_sections .debug_frame
  17              	 .section .text.GLOBAL_CAN_GetAppVersion,"ax",%progbits
  18              	 .align 2
  19              	 .global GLOBAL_CAN_GetAppVersion
  20              	 .code 16
  21              	 .thumb_func
  23              	GLOBAL_CAN_GetAppVersion:
  24              	.LFB120:
  25              	 .file 1 "../Dave/Generated/GLOBAL_CAN/global_can.c"
   1:../Dave/Generated/GLOBAL_CAN/global_can.c **** /**
   2:../Dave/Generated/GLOBAL_CAN/global_can.c ****  * @file global_can.c
   3:../Dave/Generated/GLOBAL_CAN/global_can.c ****  * @date 2015-06-30
   4:../Dave/Generated/GLOBAL_CAN/global_can.c ****  *
   5:../Dave/Generated/GLOBAL_CAN/global_can.c ****  * NOTE:
   6:../Dave/Generated/GLOBAL_CAN/global_can.c ****  * This file is generated by DAVE. Any manual modification done to this file will be lost when the 
   7:../Dave/Generated/GLOBAL_CAN/global_can.c ****  *
   8:../Dave/Generated/GLOBAL_CAN/global_can.c ****  * @cond
   9:../Dave/Generated/GLOBAL_CAN/global_can.c ****  **************************************************************************************************
  10:../Dave/Generated/GLOBAL_CAN/global_can.c ****  * GLOBAL_CAN v4.0.20 - Configures global resources of MultiCAN module.
  11:../Dave/Generated/GLOBAL_CAN/global_can.c ****  *
  12:../Dave/Generated/GLOBAL_CAN/global_can.c ****  * Copyright (c) 2015-2020, Infineon Technologies AG
  13:../Dave/Generated/GLOBAL_CAN/global_can.c ****  * All rights reserved.
  14:../Dave/Generated/GLOBAL_CAN/global_can.c ****  *
  15:../Dave/Generated/GLOBAL_CAN/global_can.c ****  * Redistribution and use in source and binary forms, with or without modification,are permitted pr
  16:../Dave/Generated/GLOBAL_CAN/global_can.c ****  * following conditions are met:
  17:../Dave/Generated/GLOBAL_CAN/global_can.c ****  *
  18:../Dave/Generated/GLOBAL_CAN/global_can.c ****  *   Redistributions of source code must retain the above copyright notice, this list of conditions
  19:../Dave/Generated/GLOBAL_CAN/global_can.c ****  *   disclaimer.
  20:../Dave/Generated/GLOBAL_CAN/global_can.c ****  *
  21:../Dave/Generated/GLOBAL_CAN/global_can.c ****  *   Redistributions in binary form must reproduce the above copyright notice, this list of conditi
  22:../Dave/Generated/GLOBAL_CAN/global_can.c ****  *   following disclaimer in the documentation and/or other materials provided with the distributio
  23:../Dave/Generated/GLOBAL_CAN/global_can.c ****  *
  24:../Dave/Generated/GLOBAL_CAN/global_can.c ****  *   Neither the name of the copyright holders nor the names of its contributors may be used to end
  25:../Dave/Generated/GLOBAL_CAN/global_can.c ****  *   products derived from this software without specific prior written permission.
  26:../Dave/Generated/GLOBAL_CAN/global_can.c ****  *
  27:../Dave/Generated/GLOBAL_CAN/global_can.c ****  * THIS SOFTWARE IS PROVIDED BY THE COPYRIGHT HOLDERS AND CONTRIBUTORS "AS IS" AND ANY EXPRESS OR I
  28:../Dave/Generated/GLOBAL_CAN/global_can.c ****  * INCLUDING, BUT NOT LIMITED TO, THE IMPLIED WARRANTIES OF MERCHANTABILITY AND FITNESS FOR A PARTI
  29:../Dave/Generated/GLOBAL_CAN/global_can.c ****  * DISCLAIMED. IN NO EVENT SHALL THE COPYRIGHT HOLDER OR CONTRIBUTORS BE LIABLE  FOR ANY DIRECT, IN
  30:../Dave/Generated/GLOBAL_CAN/global_can.c ****  * SPECIAL, EXEMPLARY, OR CONSEQUENTIAL DAMAGES (INCLUDING, BUT NOT LIMITED TO, PROCUREMENT OF SUBS
  31:../Dave/Generated/GLOBAL_CAN/global_can.c ****  * SERVICES; LOSS OF USE, DATA, OR PROFITS; OR BUSINESS INTERRUPTION) HOWEVER CAUSED AND ON ANY THE
  32:../Dave/Generated/GLOBAL_CAN/global_can.c ****  * WHETHER IN CONTRACT, STRICT LIABILITY,OR TORT (INCLUDING NEGLIGENCE OR OTHERWISE) ARISING IN ANY
  33:../Dave/Generated/GLOBAL_CAN/global_can.c ****  * USE OF THIS SOFTWARE, EVEN IF ADVISED OF THE POSSIBILITY OF SUCH DAMAGE.
  34:../Dave/Generated/GLOBAL_CAN/global_can.c ****  *
  35:../Dave/Generated/GLOBAL_CAN/global_can.c ****  * To improve the quality of the software, users are encouraged to share modifications, enhancement
  36:../Dave/Generated/GLOBAL_CAN/global_can.c ****  * with Infineon Technologies AG (dave@infineon.com).
  37:../Dave/Generated/GLOBAL_CAN/global_can.c ****  **************************************************************************************************
  38:../Dave/Generated/GLOBAL_CAN/global_can.c ****  * Change History
  39:../Dave/Generated/GLOBAL_CAN/global_can.c ****  * --------------
  40:../Dave/Generated/GLOBAL_CAN/global_can.c ****  *
  41:../Dave/Generated/GLOBAL_CAN/global_can.c ****  * 2015-02-16:
  42:../Dave/Generated/GLOBAL_CAN/global_can.c ****  *     - Initial version<br>
  43:../Dave/Generated/GLOBAL_CAN/global_can.c ****  *
  44:../Dave/Generated/GLOBAL_CAN/global_can.c ****  * 2015-05-19:
  45:../Dave/Generated/GLOBAL_CAN/global_can.c ****  *     - XMC_ASSERT debug statement is added in all API's.<br>
  46:../Dave/Generated/GLOBAL_CAN/global_can.c ****  *
  47:../Dave/Generated/GLOBAL_CAN/global_can.c ****  * 2015-06-18:
  48:../Dave/Generated/GLOBAL_CAN/global_can.c ****  *     - LLD version change is removed.<br>
  49:../Dave/Generated/GLOBAL_CAN/global_can.c ****  *
  50:../Dave/Generated/GLOBAL_CAN/global_can.c ****  * 2015-06-30:
  51:../Dave/Generated/GLOBAL_CAN/global_can.c ****  *     - GLOBAL_CAN_Enable() and GLOBAL_CAN_Disable() APIs are removed.<br>
  52:../Dave/Generated/GLOBAL_CAN/global_can.c ****  *
  53:../Dave/Generated/GLOBAL_CAN/global_can.c ****  * 2018-06-21:
  54:../Dave/Generated/GLOBAL_CAN/global_can.c ****  *     - Change GLOBAL_CAN_Init() to use  XMC_CAN_InitEx() which avoids using fractional divider
  55:../Dave/Generated/GLOBAL_CAN/global_can.c ****  *
  56:../Dave/Generated/GLOBAL_CAN/global_can.c ****  * @endcond
  57:../Dave/Generated/GLOBAL_CAN/global_can.c ****  *
  58:../Dave/Generated/GLOBAL_CAN/global_can.c ****  */
  59:../Dave/Generated/GLOBAL_CAN/global_can.c **** 
  60:../Dave/Generated/GLOBAL_CAN/global_can.c **** /**************************************************************************************************
  61:../Dave/Generated/GLOBAL_CAN/global_can.c ****  * HEADER FILES
  62:../Dave/Generated/GLOBAL_CAN/global_can.c ****  **************************************************************************************************
  63:../Dave/Generated/GLOBAL_CAN/global_can.c **** #include "global_can.h"
  64:../Dave/Generated/GLOBAL_CAN/global_can.c **** 
  65:../Dave/Generated/GLOBAL_CAN/global_can.c **** /**************************************************************************************************
  66:../Dave/Generated/GLOBAL_CAN/global_can.c ****  * MACROS
  67:../Dave/Generated/GLOBAL_CAN/global_can.c ****  **************************************************************************************************
  68:../Dave/Generated/GLOBAL_CAN/global_can.c **** 
  69:../Dave/Generated/GLOBAL_CAN/global_can.c **** /**************************************************************************************************
  70:../Dave/Generated/GLOBAL_CAN/global_can.c ****  * LOCAL DATA
  71:../Dave/Generated/GLOBAL_CAN/global_can.c ****  **************************************************************************************************
  72:../Dave/Generated/GLOBAL_CAN/global_can.c **** 
  73:../Dave/Generated/GLOBAL_CAN/global_can.c **** /**************************************************************************************************
  74:../Dave/Generated/GLOBAL_CAN/global_can.c ****  * LOCAL ROUTINES
  75:../Dave/Generated/GLOBAL_CAN/global_can.c ****  **************************************************************************************************
  76:../Dave/Generated/GLOBAL_CAN/global_can.c **** 
  77:../Dave/Generated/GLOBAL_CAN/global_can.c **** /**************************************************************************************************
  78:../Dave/Generated/GLOBAL_CAN/global_can.c ****  * API IMPLEMENTATION
  79:../Dave/Generated/GLOBAL_CAN/global_can.c ****  **************************************************************************************************
  80:../Dave/Generated/GLOBAL_CAN/global_can.c **** 
  81:../Dave/Generated/GLOBAL_CAN/global_can.c **** /* API to retrieve the version of the GLOBAL_CAN APP  */
  82:../Dave/Generated/GLOBAL_CAN/global_can.c **** DAVE_APP_VERSION_t GLOBAL_CAN_GetAppVersion()
  83:../Dave/Generated/GLOBAL_CAN/global_can.c **** {
  26              	 .loc 1 83 0
  27              	 .cfi_startproc
  28 0000 80B5     	 push {r7,lr}
  29              	.LCFI0:
  30              	 .cfi_def_cfa_offset 8
  31              	 .cfi_offset 7,-8
  32              	 .cfi_offset 14,-4
  33 0002 82B0     	 sub sp,sp,#8
  34              	.LCFI1:
  35              	 .cfi_def_cfa_offset 16
  36 0004 00AF     	 add r7,sp,#0
  37              	.LCFI2:
  38              	 .cfi_def_cfa_register 7
  84:../Dave/Generated/GLOBAL_CAN/global_can.c ****   DAVE_APP_VERSION_t version;
  85:../Dave/Generated/GLOBAL_CAN/global_can.c **** 
  86:../Dave/Generated/GLOBAL_CAN/global_can.c ****   version.major = (uint8_t)GLOBAL_CAN_MAJOR_VERSION;
  39              	 .loc 1 86 0
  40 0006 3B1C     	 mov r3,r7
  41 0008 0422     	 mov r2,#4
  42 000a 1A70     	 strb r2,[r3]
  87:../Dave/Generated/GLOBAL_CAN/global_can.c ****   version.minor = (uint8_t)GLOBAL_CAN_MINOR_VERSION;
  43              	 .loc 1 87 0
  44 000c 3B1C     	 mov r3,r7
  45 000e 0022     	 mov r2,#0
  46 0010 5A70     	 strb r2,[r3,#1]
  88:../Dave/Generated/GLOBAL_CAN/global_can.c ****   version.patch = (uint8_t)GLOBAL_CAN_PATCH_VERSION;
  47              	 .loc 1 88 0
  48 0012 3B1C     	 mov r3,r7
  49 0014 1422     	 mov r2,#20
  50 0016 9A70     	 strb r2,[r3,#2]
  89:../Dave/Generated/GLOBAL_CAN/global_can.c **** 
  90:../Dave/Generated/GLOBAL_CAN/global_can.c ****   return (version);
  51              	 .loc 1 90 0
  52 0018 3B1D     	 add r3,r7,#4
  53 001a 3A1C     	 mov r2,r7
  54 001c 1188     	 ldrh r1,[r2]
  55 001e 1980     	 strh r1,[r3]
  56 0020 9278     	 ldrb r2,[r2,#2]
  57 0022 9A70     	 strb r2,[r3,#2]
  58 0024 3A1D     	 add r2,r7,#4
  59 0026 0023     	 mov r3,#0
  60 0028 1178     	 ldrb r1,[r2]
  61 002a FF20     	 mov r0,#255
  62 002c 0140     	 and r1,r0
  63 002e FF20     	 mov r0,#255
  64 0030 8343     	 bic r3,r0
  65 0032 0B43     	 orr r3,r1
  66 0034 5178     	 ldrb r1,[r2,#1]
  67 0036 FF20     	 mov r0,#255
  68 0038 0140     	 and r1,r0
  69 003a 0902     	 lsl r1,r1,#8
  70 003c 0648     	 ldr r0,.L3
  71 003e 0340     	 and r3,r0
  72 0040 0B43     	 orr r3,r1
  73 0042 9278     	 ldrb r2,[r2,#2]
  74 0044 FF21     	 mov r1,#255
  75 0046 0A40     	 and r2,r1
  76 0048 1204     	 lsl r2,r2,#16
  77 004a 0449     	 ldr r1,.L3+4
  78 004c 0B40     	 and r3,r1
  79 004e 1343     	 orr r3,r2
  91:../Dave/Generated/GLOBAL_CAN/global_can.c **** }
  80              	 .loc 1 91 0
  81 0050 181C     	 mov r0,r3
  82 0052 BD46     	 mov sp,r7
  83 0054 02B0     	 add sp,sp,#8
  84              	 
  85 0056 80BD     	 pop {r7,pc}
  86              	.L4:
  87              	 .align 2
  88              	.L3:
  89 0058 FF00FFFF 	 .word -65281
  90 005c FFFF00FF 	 .word -16711681
  91              	 .cfi_endproc
  92              	.LFE120:
  94              	 .section .text.GLOBAL_CAN_Init,"ax",%progbits
  95              	 .align 2
  96              	 .global GLOBAL_CAN_Init
  97              	 .code 16
  98              	 .thumb_func
 100              	GLOBAL_CAN_Init:
 101              	.LFB121:
  92:../Dave/Generated/GLOBAL_CAN/global_can.c **** 
  93:../Dave/Generated/GLOBAL_CAN/global_can.c **** /*  Function to initialize the CAN Peripheral module clock.  */
  94:../Dave/Generated/GLOBAL_CAN/global_can.c **** GLOBAL_CAN_STATUS_t GLOBAL_CAN_Init(GLOBAL_CAN_t *handle)
  95:../Dave/Generated/GLOBAL_CAN/global_can.c **** {
 102              	 .loc 1 95 0
 103              	 .cfi_startproc
 104 0000 80B5     	 push {r7,lr}
 105              	.LCFI3:
 106              	 .cfi_def_cfa_offset 8
 107              	 .cfi_offset 7,-8
 108              	 .cfi_offset 14,-4
 109 0002 84B0     	 sub sp,sp,#16
 110              	.LCFI4:
 111              	 .cfi_def_cfa_offset 24
 112 0004 00AF     	 add r7,sp,#0
 113              	.LCFI5:
 114              	 .cfi_def_cfa_register 7
 115 0006 7860     	 str r0,[r7,#4]
  96:../Dave/Generated/GLOBAL_CAN/global_can.c ****   GLOBAL_CAN_STATUS_t status = GLOBAL_CAN_STATUS_SUCCESS;
 116              	 .loc 1 96 0
 117 0008 0F23     	 mov r3,#15
 118 000a FB18     	 add r3,r7,r3
 119 000c 0022     	 mov r2,#0
 120 000e 1A70     	 strb r2,[r3]
  97:../Dave/Generated/GLOBAL_CAN/global_can.c **** 
  98:../Dave/Generated/GLOBAL_CAN/global_can.c ****   XMC_ASSERT("GLOBAL_CAN_Init: handle null", handle != NULL);
  99:../Dave/Generated/GLOBAL_CAN/global_can.c **** 
 100:../Dave/Generated/GLOBAL_CAN/global_can.c ****   if (handle->init_status != true)
 121              	 .loc 1 100 0
 122 0010 7B68     	 ldr r3,[r7,#4]
 123 0012 5B7A     	 ldrb r3,[r3,#9]
 124 0014 0122     	 mov r2,#1
 125 0016 5340     	 eor r3,r2
 126 0018 DBB2     	 uxtb r3,r3
 127 001a 002B     	 cmp r3,#0
 128 001c 11D0     	 beq .L6
 101:../Dave/Generated/GLOBAL_CAN/global_can.c ****   {
 102:../Dave/Generated/GLOBAL_CAN/global_can.c **** #if defined(MULTICAN_PLUS)
 103:../Dave/Generated/GLOBAL_CAN/global_can.c ****     XMC_CAN_InitEx(handle->canglobal_ptr, (XMC_CAN_CANCLKSRC_t)handle->can_clock_src, handle->can_f
 129              	 .loc 1 103 0
 130 001e 7B68     	 ldr r3,[r7,#4]
 131 0020 5968     	 ldr r1,[r3,#4]
 132 0022 7B68     	 ldr r3,[r7,#4]
 133 0024 1A7A     	 ldrb r2,[r3,#8]
 134 0026 7B68     	 ldr r3,[r7,#4]
 135 0028 1B68     	 ldr r3,[r3]
 136 002a 081C     	 mov r0,r1
 137 002c 111C     	 mov r1,r2
 138 002e 1A1C     	 mov r2,r3
 139 0030 FFF7FEFF 	 bl XMC_CAN_InitEx
 104:../Dave/Generated/GLOBAL_CAN/global_can.c **** #else
 105:../Dave/Generated/GLOBAL_CAN/global_can.c ****     XMC_CAN_InitEx(handle->canglobal_ptr, XMC_CAN_CANCLKSRC_FPERI, handle->can_frequency);
 106:../Dave/Generated/GLOBAL_CAN/global_can.c **** #endif
 107:../Dave/Generated/GLOBAL_CAN/global_can.c ****     handle->init_status = true;
 140              	 .loc 1 107 0
 141 0034 7B68     	 ldr r3,[r7,#4]
 142 0036 0122     	 mov r2,#1
 143 0038 5A72     	 strb r2,[r3,#9]
 108:../Dave/Generated/GLOBAL_CAN/global_can.c ****     status = GLOBAL_CAN_STATUS_SUCCESS;
 144              	 .loc 1 108 0
 145 003a 0F23     	 mov r3,#15
 146 003c FB18     	 add r3,r7,r3
 147 003e 0022     	 mov r2,#0
 148 0040 1A70     	 strb r2,[r3]
 149              	.L6:
 109:../Dave/Generated/GLOBAL_CAN/global_can.c ****   }
 110:../Dave/Generated/GLOBAL_CAN/global_can.c ****   return (status);
 150              	 .loc 1 110 0
 151 0042 0F23     	 mov r3,#15
 152 0044 FB18     	 add r3,r7,r3
 153 0046 1B78     	 ldrb r3,[r3]
 111:../Dave/Generated/GLOBAL_CAN/global_can.c **** 
 112:../Dave/Generated/GLOBAL_CAN/global_can.c **** }
 154              	 .loc 1 112 0
 155 0048 181C     	 mov r0,r3
 156 004a BD46     	 mov sp,r7
 157 004c 04B0     	 add sp,sp,#16
 158              	 
 159 004e 80BD     	 pop {r7,pc}
 160              	 .cfi_endproc
 161              	.LFE121:
 163              	 .text
 164              	.Letext0:
 165              	 .file 2 "c:\\infineon\\tools\\dave ide\\4.5.0.202105191637\\eclipse\\arm-gcc-49\\arm-none-eabi\\include\\machine\\_default_types.h"
 166              	 .file 3 "c:\\infineon\\tools\\dave ide\\4.5.0.202105191637\\eclipse\\arm-gcc-49\\arm-none-eabi\\include\\stdint.h"
 167              	 .file 4 "C:/Infineon/Tools/DAVE IDE/4.5.0.202105191637/eclipse/workspace/xmc_rtos_serial/Libraries/CMSIS/Infineon/XMC1400_series/Include/XMC1400.h"
 168              	 .file 5 "C:/Infineon/Tools/DAVE IDE/4.5.0.202105191637/eclipse/workspace/xmc_rtos_serial/Libraries/XMCLib/inc/xmc_can.h"
 169              	 .file 6 "C:/Infineon/Tools/DAVE IDE/4.5.0.202105191637/eclipse/workspace/xmc_rtos_serial/Dave/Generated/DAVE_Common.h"
 170              	 .file 7 "../Dave/Generated/GLOBAL_CAN/global_can.h"
 171              	 .file 8 "C:/Infineon/Tools/DAVE IDE/4.5.0.202105191637/eclipse/workspace/xmc_rtos_serial/Libraries/CMSIS/Include/cmsis_gcc.h"
 172              	 .file 9 "C:/Infineon/Tools/DAVE IDE/4.5.0.202105191637/eclipse/workspace/xmc_rtos_serial/Libraries/CMSIS/Infineon/XMC1400_series/Include/system_XMC1400.h"
DEFINED SYMBOLS
                            *ABS*:00000000 global_can.c
    {standard input}:18     .text.GLOBAL_CAN_GetAppVersion:00000000 $t
    {standard input}:23     .text.GLOBAL_CAN_GetAppVersion:00000000 GLOBAL_CAN_GetAppVersion
    {standard input}:89     .text.GLOBAL_CAN_GetAppVersion:00000058 $d
    {standard input}:95     .text.GLOBAL_CAN_Init:00000000 $t
    {standard input}:100    .text.GLOBAL_CAN_Init:00000000 GLOBAL_CAN_Init
                     .debug_frame:00000010 $d

UNDEFINED SYMBOLS
XMC_CAN_InitEx
